<?xml version="1.0" encoding="UTF-8"?>
<coverage generated="1727094905199" clover="3.2.0">
  <project timestamp="1727094905199" name="All files">
    <metrics statements="129" coveredstatements="97" conditionals="25" coveredconditionals="18" methods="28" coveredmethods="17" elements="182" coveredelements="132" complexity="0" loc="129" ncloc="129" packages="2" files="2" classes="2"/>
    <package name="2048-game">
      <metrics statements="0" coveredstatements="0" conditionals="0" coveredconditionals="0" methods="0" coveredmethods="0"/>
      <file name="styleMock.js" path="/Users/eduard/Projects/CodeScreen/2048-square-vanilla/2048-game/styleMock.js">
        <metrics statements="0" coveredstatements="0" conditionals="0" coveredconditionals="0" methods="0" coveredmethods="0"/>
      </file>
    </package>
    <package name="2048-game.src">
      <metrics statements="129" coveredstatements="97" conditionals="25" coveredconditionals="18" methods="28" coveredmethods="17"/>
      <file name="main.ts" path="/Users/eduard/Projects/CodeScreen/2048-square-vanilla/2048-game/src/main.ts">
        <metrics statements="129" coveredstatements="97" conditionals="25" coveredconditionals="18" methods="28" coveredmethods="17"/>
        <line num="1" count="1" type="stmt"/>
        <line num="5" count="1" type="stmt"/>
        <line num="6" count="8" type="stmt"/>
        <line num="7" count="8" type="stmt"/>
        <line num="10" count="8" type="stmt"/>
        <line num="11" count="8" type="cond" truecount="1" falsecount="0"/>
        <line num="12" count="1" type="stmt"/>
        <line num="14" count="8" type="stmt"/>
        <line num="15" count="8" type="stmt"/>
        <line num="19" count="8" type="stmt"/>
        <line num="23" count="5" type="stmt"/>
        <line num="27" count="7" type="stmt"/>
        <line num="28" count="7" type="cond" truecount="1" falsecount="0"/>
        <line num="29" count="7" type="stmt"/>
        <line num="36" count="0" type="cond" truecount="0" falsecount="2"/>
        <line num="41" count="112" type="stmt"/>
        <line num="42" count="112" type="stmt"/>
        <line num="45" count="112" type="stmt"/>
        <line num="47" count="112" type="stmt"/>
        <line num="48" count="112" type="stmt"/>
        <line num="49" count="112" type="stmt"/>
        <line num="51" count="112" type="stmt"/>
        <line num="55" count="112" type="stmt"/>
        <line num="60" count="9" type="stmt"/>
        <line num="61" count="9" type="stmt"/>
        <line num="64" count="9" type="stmt"/>
        <line num="66" count="9" type="stmt"/>
        <line num="67" count="9" type="stmt"/>
        <line num="68" count="9" type="stmt"/>
        <line num="69" count="9" type="stmt"/>
        <line num="73" count="9" type="stmt"/>
        <line num="77" count="0" type="stmt"/>
        <line num="78" count="0" type="stmt"/>
        <line num="82" count="0" type="stmt"/>
        <line num="87" count="8" type="stmt"/>
        <line num="88" count="8" type="stmt"/>
        <line num="89" count="8" type="stmt"/>
        <line num="92" count="8" type="stmt"/>
        <line num="93" count="8" type="stmt"/>
        <line num="94" count="8" type="stmt"/>
        <line num="98" count="8" type="stmt"/>
        <line num="102" count="8" type="stmt"/>
        <line num="106" count="0" type="stmt"/>
        <line num="110" count="9" type="stmt"/>
        <line num="114" count="6" type="stmt"/>
        <line num="116" count="6" type="stmt"/>
        <line num="117" count="24" type="stmt"/>
        <line num="118" count="96" type="stmt"/>
        <line num="119" count="96" type="cond" truecount="1" falsecount="0"/>
        <line num="120" count="9" type="stmt"/>
        <line num="121" count="9" type="stmt"/>
        <line num="129" count="0" type="stmt"/>
        <line num="131" count="0" type="stmt"/>
        <line num="132" count="0" type="stmt"/>
        <line num="133" count="0" type="cond" truecount="0" falsecount="1"/>
        <line num="134" count="0" type="stmt"/>
        <line num="139" count="0" type="stmt"/>
        <line num="143" count="0" type="stmt"/>
        <line num="144" count="0" type="stmt"/>
        <line num="145" count="0" type="stmt"/>
        <line num="147" count="0" type="stmt"/>
        <line num="148" count="0" type="stmt"/>
        <line num="149" count="0" type="stmt"/>
        <line num="150" count="0" type="stmt"/>
        <line num="155" count="7" type="stmt"/>
        <line num="156" count="7" type="stmt"/>
        <line num="158" count="7" type="stmt"/>
        <line num="159" count="28" type="stmt"/>
        <line num="160" count="28" type="stmt"/>
        <line num="162" count="28" type="stmt"/>
        <line num="163" count="112" type="stmt"/>
        <line num="164" count="112" type="stmt"/>
        <line num="165" count="112" type="cond" truecount="1" falsecount="0"/>
        <line num="166" count="28" type="stmt"/>
        <line num="168" count="112" type="stmt"/>
        <line num="172" count="28" type="stmt"/>
        <line num="175" count="7" type="stmt"/>
        <line num="186" count="8" type="stmt"/>
        <line num="189" count="8" type="stmt"/>
        <line num="197" count="8" type="stmt"/>
        <line num="200" count="8" type="stmt"/>
        <line num="201" count="0" type="stmt"/>
        <line num="206" count="0" type="cond" truecount="0" falsecount="4"/>
        <line num="208" count="0" type="stmt"/>
        <line num="209" count="0" type="stmt"/>
        <line num="211" count="0" type="stmt"/>
        <line num="212" count="0" type="stmt"/>
        <line num="214" count="0" type="stmt"/>
        <line num="215" count="0" type="stmt"/>
        <line num="217" count="0" type="stmt"/>
        <line num="218" count="0" type="stmt"/>
        <line num="225" count="5" type="stmt"/>
        <line num="226" count="5" type="stmt"/>
        <line num="228" count="5" type="stmt"/>
        <line num="229" count="5" type="stmt"/>
        <line num="232" count="5" type="stmt"/>
        <line num="238" count="11" type="cond" truecount="3" falsecount="0"/>
        <line num="239" count="5" type="stmt"/>
        <line num="241" count="6" type="stmt"/>
        <line num="242" count="6" type="stmt"/>
        <line num="246" count="5" type="cond" truecount="1" falsecount="0"/>
        <line num="250" count="5" type="stmt"/>
        <line num="253" count="0" type="stmt"/>
        <line num="260" count="3" type="stmt"/>
        <line num="261" count="3" type="stmt"/>
        <line num="262" count="3" type="stmt"/>
        <line num="264" count="3" type="stmt"/>
        <line num="265" count="9" type="stmt"/>
        <line num="266" count="36" type="stmt"/>
        <line num="268" count="36" type="cond" truecount="1" falsecount="0"/>
        <line num="270" count="4" type="stmt"/>
        <line num="272" count="4" type="cond" truecount="1" falsecount="0"/>
        <line num="273" count="4" type="stmt"/>
        <line num="274" count="4" type="cond" truecount="1" falsecount="0"/>
        <line num="275" count="4" type="stmt"/>
        <line num="276" count="4" type="stmt"/>
        <line num="279" count="4" type="stmt"/>
        <line num="280" count="4" type="stmt"/>
        <line num="282" count="4" type="stmt"/>
        <line num="283" count="4" type="cond" truecount="1" falsecount="0"/>
        <line num="284" count="4" type="stmt"/>
        <line num="285" count="4" type="stmt"/>
        <line num="286" count="4" type="stmt"/>
        <line num="299" count="0" type="stmt"/>
        <line num="303" count="0" type="stmt"/>
        <line num="307" count="0" type="stmt"/>
        <line num="311" count="1" type="stmt"/>
        <line num="312" count="1" type="stmt"/>
        <line num="317" count="1" type="stmt"/>
      </file>
    </package>
  </project>
</coverage>
