{"/Users/eduard/Projects/CodeScreen/2048-square-vanilla/2048-game/styleMock.js": {"path":"/Users/eduard/Projects/CodeScreen/2048-square-vanilla/2048-game/styleMock.js","statementMap":{},"fnMap":{},"branchMap":{},"s":{},"f":{},"b":{},"inputSourceMap":null,"_coverageSchema":"1a1c01bbd47fc00a2c39e90264f33305004495a9","hash":"7433926db3f287c37262b4073018b1acbece3e4d"}
,"/Users/eduard/Projects/CodeScreen/2048-square-vanilla/2048-game/src/main.ts": {"path":"/Users/eduard/Projects/CodeScreen/2048-square-vanilla/2048-game/src/main.ts","statementMap":{"0":{"start":{"line":1,"column":0},"end":{"line":1,"column":21}},"1":{"start":{"line":6,"column":2},"end":{"line":6,"column":16}},"2":{"start":{"line":7,"column":2},"end":{"line":7,"column":36}},"3":{"start":{"line":10,"column":16},"end":{"line":10,"column":46}},"4":{"start":{"line":11,"column":4},"end":{"line":13,"column":5}},"5":{"start":{"line":12,"column":6},"end":{"line":12,"column":55}},"6":{"start":{"line":14,"column":4},"end":{"line":14,"column":34}},"7":{"start":{"line":15,"column":4},"end":{"line":15,"column":61}},"8":{"start":{"line":19,"column":4},"end":{"line":19,"column":23}},"9":{"start":{"line":23,"column":4},"end":{"line":23,"column":33}},"10":{"start":{"line":27,"column":16},"end":{"line":27,"column":46}},"11":{"start":{"line":28,"column":4},"end":{"line":30,"column":5}},"12":{"start":{"line":29,"column":6},"end":{"line":29,"column":50}},"13":{"start":{"line":5,"column":0},"end":{"line":5,"column":13}},"14":{"start":{"line":36,"column":4},"end":{"line":36,"column":39}},"15":{"start":{"line":41,"column":12},"end":{"line":41,"column":null}},"16":{"start":{"line":42,"column":12},"end":{"line":42,"column":null}},"17":{"start":{"line":45,"column":4},"end":{"line":45,"column":17}},"18":{"start":{"line":47,"column":17},"end":{"line":47,"column":46}},"19":{"start":{"line":48,"column":4},"end":{"line":48,"column":31}},"20":{"start":{"line":49,"column":4},"end":{"line":49,"column":22}},"21":{"start":{"line":51,"column":4},"end":{"line":51,"column":24}},"22":{"start":{"line":55,"column":4},"end":{"line":55,"column":24}},"23":{"start":{"line":60,"column":2},"end":{"line":60,"column":null}},"24":{"start":{"line":61,"column":2},"end":{"line":61,"column":17}},"25":{"start":{"line":64,"column":4},"end":{"line":64,"column":24}},"26":{"start":{"line":66,"column":4},"end":{"line":66,"column":49}},"27":{"start":{"line":67,"column":4},"end":{"line":67,"column":39}},"28":{"start":{"line":68,"column":4},"end":{"line":68,"column":35}},"29":{"start":{"line":69,"column":4},"end":{"line":69,"column":54}},"30":{"start":{"line":73,"column":4},"end":{"line":73,"column":24}},"31":{"start":{"line":77,"column":4},"end":{"line":77,"column":24}},"32":{"start":{"line":78,"column":4},"end":{"line":78,"column":48}},"33":{"start":{"line":82,"column":4},"end":{"line":82,"column":35}},"34":{"start":{"line":87,"column":2},"end":{"line":87,"column":16}},"35":{"start":{"line":88,"column":2},"end":{"line":88,"column":16}},"36":{"start":{"line":89,"column":2},"end":{"line":89,"column":20}},"37":{"start":{"line":92,"column":4},"end":{"line":92,"column":22}},"38":{"start":{"line":93,"column":4},"end":{"line":93,"column":22}},"39":{"start":{"line":94,"column":4},"end":{"line":94,"column":20}},"40":{"start":{"line":98,"column":4},"end":{"line":98,"column":22}},"41":{"start":{"line":102,"column":4},"end":{"line":102,"column":22}},"42":{"start":{"line":106,"column":4},"end":{"line":106,"column":35}},"43":{"start":{"line":110,"column":4},"end":{"line":110,"column":22}},"44":{"start":{"line":114,"column":4},"end":{"line":114,"column":22}},"45":{"start":{"line":116,"column":4},"end":{"line":124,"column":5}},"46":{"start":{"line":116,"column":17},"end":{"line":116,"column":18}},"47":{"start":{"line":117,"column":6},"end":{"line":123,"column":7}},"48":{"start":{"line":117,"column":19},"end":{"line":117,"column":20}},"49":{"start":{"line":118,"column":22},"end":{"line":118,"column":32}},"50":{"start":{"line":119,"column":8},"end":{"line":122,"column":9}},"51":{"start":{"line":120,"column":23},"end":{"line":120,"column":62}},"52":{"start":{"line":121,"column":10},"end":{"line":121,"column":66}},"53":{"start":{"line":129,"column":35},"end":{"line":129,"column":37}},"54":{"start":{"line":131,"column":4},"end":{"line":137,"column":5}},"55":{"start":{"line":131,"column":17},"end":{"line":131,"column":18}},"56":{"start":{"line":132,"column":6},"end":{"line":136,"column":7}},"57":{"start":{"line":132,"column":19},"end":{"line":132,"column":20}},"58":{"start":{"line":133,"column":8},"end":{"line":135,"column":9}},"59":{"start":{"line":134,"column":10},"end":{"line":134,"column":34}},"60":{"start":{"line":139,"column":4},"end":{"line":139,"column":22}},"61":{"start":{"line":143,"column":23},"end":{"line":143,"column":43}},"62":{"start":{"line":144,"column":24},"end":{"line":144,"column":69}},"63":{"start":{"line":145,"column":23},"end":{"line":145,"column":46}},"64":{"start":{"line":147,"column":18},"end":{"line":147,"column":43}},"65":{"start":{"line":148,"column":17},"end":{"line":148,"column":60}},"66":{"start":{"line":149,"column":4},"end":{"line":149,"column":64}},"67":{"start":{"line":150,"column":4},"end":{"line":150,"column":33}},"68":{"start":{"line":155,"column":18},"end":{"line":155,"column":47}},"69":{"start":{"line":156,"column":4},"end":{"line":156,"column":33}},"70":{"start":{"line":158,"column":4},"end":{"line":173,"column":5}},"71":{"start":{"line":158,"column":17},"end":{"line":158,"column":18}},"72":{"start":{"line":159,"column":18},"end":{"line":159,"column":47}},"73":{"start":{"line":160,"column":6},"end":{"line":160,"column":31}},"74":{"start":{"line":162,"column":6},"end":{"line":169,"column":7}},"75":{"start":{"line":162,"column":19},"end":{"line":162,"column":20}},"76":{"start":{"line":163,"column":21},"end":{"line":163,"column":47}},"77":{"start":{"line":164,"column":8},"end":{"line":164,"column":41}},"78":{"start":{"line":165,"column":8},"end":{"line":167,"column":9}},"79":{"start":{"line":166,"column":10},"end":{"line":166,"column":29}},"80":{"start":{"line":168,"column":8},"end":{"line":168,"column":29}},"81":{"start":{"line":172,"column":6},"end":{"line":172,"column":29}},"82":{"start":{"line":175,"column":4},"end":{"line":175,"column":17}},"83":{"start":{"line":186,"column":2},"end":{"line":186,"column":16}},"84":{"start":{"line":189,"column":2},"end":{"line":194,"column":null}},"85":{"start":{"line":197,"column":4},"end":{"line":197,"column":24}},"86":{"start":{"line":200,"column":4},"end":{"line":202,"column":7}},"87":{"start":{"line":201,"column":6},"end":{"line":201,"column":27}},"88":{"start":{"line":206,"column":4},"end":{"line":219,"column":5}},"89":{"start":{"line":208,"column":8},"end":{"line":208,"column":22}},"90":{"start":{"line":209,"column":8},"end":{"line":209,"column":14}},"91":{"start":{"line":211,"column":8},"end":{"line":211,"column":24}},"92":{"start":{"line":212,"column":8},"end":{"line":212,"column":14}},"93":{"start":{"line":214,"column":8},"end":{"line":214,"column":24}},"94":{"start":{"line":215,"column":8},"end":{"line":215,"column":14}},"95":{"start":{"line":217,"column":8},"end":{"line":217,"column":25}},"96":{"start":{"line":218,"column":8},"end":{"line":218,"column":14}},"97":{"start":{"line":225,"column":27},"end":{"line":225,"column":38}},"98":{"start":{"line":226,"column":17},"end":{"line":226,"column":33}},"99":{"start":{"line":228,"column":18},"end":{"line":228,"column":45}},"100":{"start":{"line":229,"column":18},"end":{"line":229,"column":45}},"101":{"start":{"line":232,"column":4},"end":{"line":243,"column":5}},"102":{"start":{"line":238,"column":6},"end":{"line":240,"column":7}},"103":{"start":{"line":239,"column":8},"end":{"line":239,"column":14}},"104":{"start":{"line":241,"column":6},"end":{"line":241,"column":29}},"105":{"start":{"line":242,"column":6},"end":{"line":242,"column":29}},"106":{"start":{"line":246,"column":4},"end":{"line":251,"column":5}},"107":{"start":{"line":250,"column":6},"end":{"line":250,"column":null}},"108":{"start":{"line":253,"column":4},"end":{"line":253,"column":16}},"109":{"start":{"line":260,"column":27},"end":{"line":260,"column":38}},"110":{"start":{"line":261,"column":17},"end":{"line":261,"column":33}},"111":{"start":{"line":262,"column":4},"end":{"line":262,"column":22}},"112":{"start":{"line":264,"column":4},"end":{"line":293,"column":5}},"113":{"start":{"line":264,"column":17},"end":{"line":264,"column":18}},"114":{"start":{"line":265,"column":6},"end":{"line":292,"column":7}},"115":{"start":{"line":265,"column":19},"end":{"line":265,"column":20}},"116":{"start":{"line":266,"column":28},"end":{"line":266,"column":38}},"117":{"start":{"line":268,"column":8},"end":{"line":290,"column":9}},"118":{"start":{"line":270,"column":27},"end":{"line":270,"column":82}},"119":{"start":{"line":272,"column":10},"end":{"line":289,"column":11}},"120":{"start":{"line":273,"column":36},"end":{"line":273,"column":90}},"121":{"start":{"line":274,"column":12},"end":{"line":288,"column":13}},"122":{"start":{"line":275,"column":24},"end":{"line":275,"column":68}},"123":{"start":{"line":276,"column":24},"end":{"line":276,"column":67}},"124":{"start":{"line":279,"column":14},"end":{"line":279,"column":57}},"125":{"start":{"line":280,"column":14},"end":{"line":280,"column":29}},"126":{"start":{"line":282,"column":27},"end":{"line":282,"column":68}},"127":{"start":{"line":283,"column":14},"end":{"line":287,"column":15}},"128":{"start":{"line":284,"column":16},"end":{"line":284,"column":43}},"129":{"start":{"line":285,"column":16},"end":{"line":285,"column":42}},"130":{"start":{"line":286,"column":16},"end":{"line":286,"column":61}},"131":{"start":{"line":299,"column":4},"end":{"line":299,"column":31}},"132":{"start":{"line":303,"column":4},"end":{"line":303,"column":31}},"133":{"start":{"line":307,"column":4},"end":{"line":307,"column":32}},"134":{"start":{"line":311,"column":13},"end":{"line":311,"column":23}},"135":{"start":{"line":312,"column":0},"end":{"line":312,"column":13}},"136":{"start":{"line":317,"column":0},"end":{"line":323,"column":2}}},"fnMap":{"0":{"name":"(anonymous_2)","decl":{"start":{"line":9,"column":2},"end":{"line":9,"column":null}},"loc":{"start":{"line":9,"column":2},"end":{"line":16,"column":3}}},"1":{"name":"(anonymous_3)","decl":{"start":{"line":18,"column":2},"end":{"line":18,"column":6}},"loc":{"start":{"line":18,"column":11},"end":{"line":20,"column":3}}},"2":{"name":"(anonymous_4)","decl":{"start":{"line":22,"column":2},"end":{"line":22,"column":6}},"loc":{"start":{"line":22,"column":21},"end":{"line":24,"column":3}}},"3":{"name":"(anonymous_5)","decl":{"start":{"line":26,"column":2},"end":{"line":26,"column":7}},"loc":{"start":{"line":26,"column":7},"end":{"line":31,"column":3}}},"4":{"name":"(anonymous_6)","decl":{"start":{"line":35,"column":2},"end":{"line":35,"column":8}},"loc":{"start":{"line":35,"column":17},"end":{"line":37,"column":3}}},"5":{"name":"(anonymous_7)","decl":{"start":{"line":44,"column":2},"end":{"line":44,"column":14}},"loc":{"start":{"line":44,"column":39},"end":{"line":52,"column":3}}},"6":{"name":"(anonymous_8)","decl":{"start":{"line":54,"column":2},"end":{"line":54,"column":10}},"loc":{"start":{"line":54,"column":10},"end":{"line":56,"column":3}}},"7":{"name":"(anonymous_9)","decl":{"start":{"line":63,"column":2},"end":{"line":63,"column":14}},"loc":{"start":{"line":63,"column":39},"end":{"line":70,"column":3}}},"8":{"name":"(anonymous_10)","decl":{"start":{"line":72,"column":2},"end":{"line":72,"column":10}},"loc":{"start":{"line":72,"column":10},"end":{"line":74,"column":3}}},"9":{"name":"(anonymous_11)","decl":{"start":{"line":76,"column":2},"end":{"line":76,"column":13}},"loc":{"start":{"line":76,"column":27},"end":{"line":79,"column":3}}},"10":{"name":"(anonymous_12)","decl":{"start":{"line":81,"column":2},"end":{"line":81,"column":10}},"loc":{"start":{"line":81,"column":21},"end":{"line":83,"column":3}}},"11":{"name":"(anonymous_13)","decl":{"start":{"line":91,"column":2},"end":{"line":91,"column":14}},"loc":{"start":{"line":91,"column":40},"end":{"line":95,"column":3}}},"12":{"name":"(anonymous_14)","decl":{"start":{"line":97,"column":2},"end":{"line":97,"column":6}},"loc":{"start":{"line":97,"column":10},"end":{"line":99,"column":3}}},"13":{"name":"(anonymous_15)","decl":{"start":{"line":101,"column":2},"end":{"line":101,"column":6}},"loc":{"start":{"line":101,"column":10},"end":{"line":103,"column":3}}},"14":{"name":"(anonymous_16)","decl":{"start":{"line":105,"column":2},"end":{"line":105,"column":6}},"loc":{"start":{"line":105,"column":10},"end":{"line":107,"column":3}}},"15":{"name":"(anonymous_17)","decl":{"start":{"line":109,"column":2},"end":{"line":109,"column":6}},"loc":{"start":{"line":109,"column":10},"end":{"line":111,"column":3}}},"16":{"name":"(anonymous_18)","decl":{"start":{"line":113,"column":2},"end":{"line":113,"column":13}},"loc":{"start":{"line":113,"column":30},"end":{"line":126,"column":3}}},"17":{"name":"(anonymous_19)","decl":{"start":{"line":128,"column":2},"end":{"line":128,"column":15}},"loc":{"start":{"line":128,"column":15},"end":{"line":140,"column":3}}},"18":{"name":"(anonymous_20)","decl":{"start":{"line":142,"column":2},"end":{"line":142,"column":16}},"loc":{"start":{"line":142,"column":16},"end":{"line":152,"column":3}}},"19":{"name":"(anonymous_21)","decl":{"start":{"line":154,"column":2},"end":{"line":154,"column":14}},"loc":{"start":{"line":154,"column":14},"end":{"line":176,"column":3}}},"20":{"name":"(anonymous_22)","decl":{"start":{"line":196,"column":2},"end":{"line":196,"column":14}},"loc":{"start":{"line":196,"column":26},"end":{"line":203,"column":3}}},"21":{"name":"(anonymous_23)","decl":{"start":{"line":200,"column":41},"end":{"line":200,"column":42}},"loc":{"start":{"line":200,"column":51},"end":{"line":202,"column":5}}},"22":{"name":"(anonymous_24)","decl":{"start":{"line":205,"column":2},"end":{"line":205,"column":6}},"loc":{"start":{"line":205,"column":24},"end":{"line":220,"column":3}}},"23":{"name":"(anonymous_25)","decl":{"start":{"line":224,"column":2},"end":{"line":224,"column":22}},"loc":{"start":{"line":224,"column":69},"end":{"line":254,"column":3}}},"24":{"name":"(anonymous_26)","decl":{"start":{"line":256,"column":2},"end":{"line":256,"column":8}},"loc":{"start":{"line":256,"column":8},"end":{"line":296,"column":3}}},"25":{"name":"(anonymous_27)","decl":{"start":{"line":298,"column":2},"end":{"line":298,"column":10}},"loc":{"start":{"line":298,"column":10},"end":{"line":300,"column":3}}},"26":{"name":"(anonymous_28)","decl":{"start":{"line":302,"column":2},"end":{"line":302,"column":10}},"loc":{"start":{"line":302,"column":10},"end":{"line":304,"column":3}}},"27":{"name":"(anonymous_29)","decl":{"start":{"line":306,"column":2},"end":{"line":306,"column":11}},"loc":{"start":{"line":306,"column":11},"end":{"line":308,"column":3}}}},"branchMap":{"0":{"loc":{"start":{"line":11,"column":4},"end":{"line":13,"column":5}},"type":"if","locations":[{"start":{"line":11,"column":4},"end":{"line":13,"column":5}}]},"1":{"loc":{"start":{"line":28,"column":4},"end":{"line":30,"column":5}},"type":"if","locations":[{"start":{"line":28,"column":4},"end":{"line":30,"column":5}}]},"2":{"loc":{"start":{"line":36,"column":11},"end":{"line":36,"column":38}},"type":"cond-expr","locations":[{"start":{"line":36,"column":33},"end":{"line":36,"column":34}},{"start":{"line":36,"column":37},"end":{"line":36,"column":38}}]},"3":{"loc":{"start":{"line":119,"column":8},"end":{"line":122,"column":9}},"type":"if","locations":[{"start":{"line":119,"column":8},"end":{"line":122,"column":9}}]},"4":{"loc":{"start":{"line":133,"column":8},"end":{"line":135,"column":9}},"type":"if","locations":[{"start":{"line":133,"column":8},"end":{"line":135,"column":9}}]},"5":{"loc":{"start":{"line":165,"column":8},"end":{"line":167,"column":9}},"type":"if","locations":[{"start":{"line":165,"column":8},"end":{"line":167,"column":9}}]},"6":{"loc":{"start":{"line":206,"column":4},"end":{"line":219,"column":5}},"type":"switch","locations":[{"start":{"line":207,"column":6},"end":{"line":209,"column":14}},{"start":{"line":210,"column":6},"end":{"line":212,"column":14}},{"start":{"line":213,"column":6},"end":{"line":215,"column":14}},{"start":{"line":216,"column":6},"end":{"line":218,"column":14}}]},"7":{"loc":{"start":{"line":233,"column":6},"end":{"line":236,"column":20}},"type":"binary-expr","locations":[{"start":{"line":233,"column":6},"end":{"line":233,"column":18}},{"start":{"line":234,"column":6},"end":{"line":234,"column":18}},{"start":{"line":235,"column":6},"end":{"line":235,"column":20}},{"start":{"line":236,"column":6},"end":{"line":236,"column":20}}]},"8":{"loc":{"start":{"line":238,"column":6},"end":{"line":240,"column":7}},"type":"if","locations":[{"start":{"line":238,"column":6},"end":{"line":240,"column":7}}]},"9":{"loc":{"start":{"line":238,"column":10},"end":{"line":238,"column":64}},"type":"binary-expr","locations":[{"start":{"line":238,"column":10},"end":{"line":238,"column":35}},{"start":{"line":238,"column":39},"end":{"line":238,"column":64}}]},"10":{"loc":{"start":{"line":246,"column":4},"end":{"line":251,"column":5}},"type":"if","locations":[{"start":{"line":246,"column":4},"end":{"line":251,"column":5}}]},"11":{"loc":{"start":{"line":247,"column":6},"end":{"line":248,"column":34}},"type":"binary-expr","locations":[{"start":{"line":247,"column":6},"end":{"line":247,"column":67}},{"start":{"line":248,"column":6},"end":{"line":248,"column":34}}]},"12":{"loc":{"start":{"line":268,"column":8},"end":{"line":290,"column":9}},"type":"if","locations":[{"start":{"line":268,"column":8},"end":{"line":290,"column":9}}]},"13":{"loc":{"start":{"line":272,"column":10},"end":{"line":289,"column":11}},"type":"if","locations":[{"start":{"line":272,"column":10},"end":{"line":289,"column":11}}]},"14":{"loc":{"start":{"line":274,"column":12},"end":{"line":288,"column":13}},"type":"if","locations":[{"start":{"line":274,"column":12},"end":{"line":288,"column":13}}]},"15":{"loc":{"start":{"line":283,"column":14},"end":{"line":287,"column":15}},"type":"if","locations":[{"start":{"line":283,"column":14},"end":{"line":287,"column":15}}]}},"s":{"0":1,"1":8,"2":8,"3":8,"4":8,"5":1,"6":8,"7":8,"8":8,"9":5,"10":7,"11":7,"12":7,"13":1,"14":0,"15":112,"16":112,"17":112,"18":112,"19":112,"20":112,"21":112,"22":112,"23":9,"24":9,"25":9,"26":9,"27":9,"28":9,"29":9,"30":9,"31":0,"32":0,"33":0,"34":8,"35":8,"36":8,"37":8,"38":8,"39":8,"40":8,"41":8,"42":0,"43":9,"44":6,"45":6,"46":6,"47":24,"48":24,"49":96,"50":96,"51":9,"52":9,"53":0,"54":0,"55":0,"56":0,"57":0,"58":0,"59":0,"60":0,"61":0,"62":0,"63":0,"64":0,"65":0,"66":0,"67":0,"68":7,"69":7,"70":7,"71":7,"72":28,"73":28,"74":28,"75":28,"76":112,"77":112,"78":112,"79":28,"80":112,"81":28,"82":7,"83":8,"84":8,"85":8,"86":8,"87":0,"88":0,"89":0,"90":0,"91":0,"92":0,"93":0,"94":0,"95":0,"96":0,"97":5,"98":5,"99":5,"100":5,"101":5,"102":11,"103":5,"104":6,"105":6,"106":5,"107":5,"108":0,"109":3,"110":3,"111":3,"112":3,"113":3,"114":9,"115":9,"116":36,"117":36,"118":4,"119":4,"120":4,"121":4,"122":4,"123":4,"124":4,"125":4,"126":4,"127":4,"128":4,"129":4,"130":4,"131":0,"132":0,"133":0,"134":1,"135":1,"136":1},"f":{"0":8,"1":8,"2":5,"3":7,"4":0,"5":112,"6":112,"7":9,"8":9,"9":0,"10":0,"11":8,"12":8,"13":8,"14":0,"15":9,"16":6,"17":0,"18":0,"19":7,"20":8,"21":0,"22":0,"23":5,"24":3,"25":0,"26":0,"27":0},"b":{"0":[1],"1":[7],"2":[0,0],"3":[9],"4":[0],"5":[28],"6":[0,0,0,0],"7":[11,11,11,11],"8":[5],"9":[11,6],"10":[5],"11":[5,5],"12":[4],"13":[4],"14":[4],"15":[4]}}
}
