TN:
SF:styleMock.js
FNF:0
FNH:0
LF:0
LH:0
BRF:0
BRH:0
end_of_record
TN:
SF:src/main.ts
FN:9,(anonymous_2)
FN:18,(anonymous_3)
FN:22,(anonymous_4)
FN:26,(anonymous_5)
FN:35,(anonymous_6)
FN:44,(anonymous_7)
FN:54,(anonymous_8)
FN:63,(anonymous_9)
FN:72,(anonymous_10)
FN:76,(anonymous_11)
FN:81,(anonymous_12)
FN:91,(anonymous_13)
FN:97,(anonymous_14)
FN:101,(anonymous_15)
FN:105,(anonymous_16)
FN:109,(anonymous_17)
FN:113,(anonymous_18)
FN:128,(anonymous_19)
FN:142,(anonymous_20)
FN:154,(anonymous_21)
FN:196,(anonymous_22)
FN:200,(anonymous_23)
FN:205,(anonymous_24)
FN:224,(anonymous_25)
FN:256,(anonymous_26)
FN:298,(anonymous_27)
FN:302,(anonymous_28)
FN:306,(anonymous_29)
FNF:28
FNH:17
FNDA:8,(anonymous_2)
FNDA:8,(anonymous_3)
FNDA:5,(anonymous_4)
FNDA:7,(anonymous_5)
FNDA:0,(anonymous_6)
FNDA:112,(anonymous_7)
FNDA:112,(anonymous_8)
FNDA:9,(anonymous_9)
FNDA:9,(anonymous_10)
FNDA:0,(anonymous_11)
FNDA:0,(anonymous_12)
FNDA:8,(anonymous_13)
FNDA:8,(anonymous_14)
FNDA:8,(anonymous_15)
FNDA:0,(anonymous_16)
FNDA:9,(anonymous_17)
FNDA:6,(anonymous_18)
FNDA:0,(anonymous_19)
FNDA:0,(anonymous_20)
FNDA:7,(anonymous_21)
FNDA:8,(anonymous_22)
FNDA:0,(anonymous_23)
FNDA:0,(anonymous_24)
FNDA:5,(anonymous_25)
FNDA:3,(anonymous_26)
FNDA:0,(anonymous_27)
FNDA:0,(anonymous_28)
FNDA:0,(anonymous_29)
DA:1,1
DA:5,1
DA:6,8
DA:7,8
DA:10,8
DA:11,8
DA:12,1
DA:14,8
DA:15,8
DA:19,8
DA:23,5
DA:27,7
DA:28,7
DA:29,7
DA:36,0
DA:41,112
DA:42,112
DA:45,112
DA:47,112
DA:48,112
DA:49,112
DA:51,112
DA:55,112
DA:60,9
DA:61,9
DA:64,9
DA:66,9
DA:67,9
DA:68,9
DA:69,9
DA:73,9
DA:77,0
DA:78,0
DA:82,0
DA:87,8
DA:88,8
DA:89,8
DA:92,8
DA:93,8
DA:94,8
DA:98,8
DA:102,8
DA:106,0
DA:110,9
DA:114,6
DA:116,6
DA:117,24
DA:118,96
DA:119,96
DA:120,9
DA:121,9
DA:129,0
DA:131,0
DA:132,0
DA:133,0
DA:134,0
DA:139,0
DA:143,0
DA:144,0
DA:145,0
DA:147,0
DA:148,0
DA:149,0
DA:150,0
DA:155,7
DA:156,7
DA:158,7
DA:159,28
DA:160,28
DA:162,28
DA:163,112
DA:164,112
DA:165,112
DA:166,28
DA:168,112
DA:172,28
DA:175,7
DA:186,8
DA:189,8
DA:197,8
DA:200,8
DA:201,0
DA:206,0
DA:208,0
DA:209,0
DA:211,0
DA:212,0
DA:214,0
DA:215,0
DA:217,0
DA:218,0
DA:225,5
DA:226,5
DA:228,5
DA:229,5
DA:232,5
DA:238,11
DA:239,5
DA:241,6
DA:242,6
DA:246,5
DA:250,5
DA:253,0
DA:260,3
DA:261,3
DA:262,3
DA:264,3
DA:265,9
DA:266,36
DA:268,36
DA:270,4
DA:272,4
DA:273,4
DA:274,4
DA:275,4
DA:276,4
DA:279,4
DA:280,4
DA:282,4
DA:283,4
DA:284,4
DA:285,4
DA:286,4
DA:299,0
DA:303,0
DA:307,0
DA:311,1
DA:312,1
DA:317,1
LF:129
LH:97
BRDA:11,0,0,1
BRDA:28,1,0,7
BRDA:36,2,0,0
BRDA:36,2,1,0
BRDA:119,3,0,9
BRDA:133,4,0,0
BRDA:165,5,0,28
BRDA:206,6,0,0
BRDA:206,6,1,0
BRDA:206,6,2,0
BRDA:206,6,3,0
BRDA:233,7,0,11
BRDA:233,7,1,11
BRDA:233,7,2,11
BRDA:233,7,3,11
BRDA:238,8,0,5
BRDA:238,9,0,11
BRDA:238,9,1,6
BRDA:246,10,0,5
BRDA:247,11,0,5
BRDA:247,11,1,5
BRDA:268,12,0,4
BRDA:272,13,0,4
BRDA:274,14,0,4
BRDA:283,15,0,4
BRF:25
BRH:18
end_of_record
